<?xml version="1.0" encoding="UTF-8"?>
<testsuite xmlns:xsi="http://www.w3.org/2001/XMLSchema-instance" xsi:noNamespaceSchemaLocation="https://maven.apache.org/surefire/maven-surefire-plugin/xsd/surefire-test-report.xsd" name="com.example.springbootsuperheroes.superheroes.user.repository.UserRepositoryTest" time="5.958" tests="3" errors="0" skipped="0" failures="0">
  <properties>
[...]
</properties>
  <testcase name="itShouldFindUserWhenEmailExists" classname="com.example.springbootsuperheroes.superheroes.user.repository.UserRepositoryTest" time="0.387"/>
  <testcase name="itShouldCheckWhenUserEmailDoesNotExists" classname="com.example.springbootsuperheroes.superheroes.user.repository.UserRepositoryTest" time="0.03"/>
  <testcase name="itShouldCheckWhenUserEmailExists" classname="com.example.springbootsuperheroes.superheroes.user.repository.UserRepositoryTest" time="0.031"/>
</testsuite>